<?xml version="1.0" encoding="UTF-8"?>
<!-- Generated by org.testng.reporters.JUnitXMLReporter -->
<testsuite hostname="DESKTOP-6KC2DDV" ignored="0" name="Test" tests="6" failures="0" timestamp="2021-12-11T12:23:10 IST" time="0.075" errors="0">
  <testcase name="AppiumTest1" time="0.006" classname="QAAutomation.MavenJava.AppiumTest"/>
  <testcase name="IOSApp" time="0.001" classname="QAAutomation.MavenJava.AppiumTest"/>
  <testcase name="PostJira" time="0.001" classname="QAAutomation.MavenJava.RestAPITest"/>
  <testcase name="deleteTwitter" time="0.001" classname="QAAutomation.MavenJava.RestAPITest"/>
  <testcase name="browserAutomations" time="0.006" classname="QAAutomation.MavenJava.SeleniumTest"/>
  <testcase name="elementsUI" time="0.0" classname="QAAutomation.MavenJava.SeleniumTest"/>
</testsuite> <!-- Test -->
