<?xml version="1.0" encoding="UTF-8"?>
<testng-results skipped="0" failed="0" ignored="0" total="6" passed="6">
  <reporter-output>
  </reporter-output>
  <suite name="Suite" duration-ms="75" started-at="2021-12-11T12:23:10 IST" finished-at="2021-12-11T12:23:10 IST">
    <groups>
    </groups>
    <test name="Test" duration-ms="75" started-at="2021-12-11T12:23:10 IST" finished-at="2021-12-11T12:23:10 IST">
      <class name="QAAutomation.MavenJava.AppiumTest">
        <test-method status="PASS" signature="AppiumTest1()[pri:0, instance:QAAutomation.MavenJava.AppiumTest@7f13d6e]" name="AppiumTest1" duration-ms="6" started-at="2021-12-11T12:23:10 IST" finished-at="2021-12-11T12:23:10 IST">
          <reporter-output>
          </reporter-output>
        </test-method> <!-- AppiumTest1 -->
        <test-method status="PASS" signature="IOSApp()[pri:0, instance:QAAutomation.MavenJava.AppiumTest@7f13d6e]" name="IOSApp" duration-ms="1" started-at="2021-12-11T12:23:10 IST" finished-at="2021-12-11T12:23:10 IST">
          <reporter-output>
          </reporter-output>
        </test-method> <!-- IOSApp -->
      </class> <!-- QAAutomation.MavenJava.AppiumTest -->
      <class name="QAAutomation.MavenJava.RestAPITest">
        <test-method status="PASS" signature="PostJira()[pri:0, instance:QAAutomation.MavenJava.RestAPITest@396f6598]" name="PostJira" duration-ms="1" started-at="2021-12-11T12:23:10 IST" finished-at="2021-12-11T12:23:10 IST">
          <reporter-output>
          </reporter-output>
        </test-method> <!-- PostJira -->
        <test-method status="PASS" signature="deleteTwitter()[pri:0, instance:QAAutomation.MavenJava.RestAPITest@396f6598]" name="deleteTwitter" duration-ms="1" started-at="2021-12-11T12:23:10 IST" finished-at="2021-12-11T12:23:10 IST">
          <reporter-output>
          </reporter-output>
        </test-method> <!-- deleteTwitter -->
      </class> <!-- QAAutomation.MavenJava.RestAPITest -->
      <class name="QAAutomation.MavenJava.SeleniumTest">
        <test-method status="PASS" signature="browserAutomations()[pri:0, instance:QAAutomation.MavenJava.SeleniumTest@394e1a0f]" name="browserAutomations" duration-ms="6" started-at="2021-12-11T12:23:10 IST" finished-at="2021-12-11T12:23:10 IST">
          <reporter-output>
          </reporter-output>
        </test-method> <!-- browserAutomations -->
        <test-method status="PASS" signature="elementsUI()[pri:0, instance:QAAutomation.MavenJava.SeleniumTest@394e1a0f]" name="elementsUI" duration-ms="0" started-at="2021-12-11T12:23:10 IST" finished-at="2021-12-11T12:23:10 IST">
          <reporter-output>
          </reporter-output>
        </test-method> <!-- elementsUI -->
      </class> <!-- QAAutomation.MavenJava.SeleniumTest -->
    </test> <!-- Test -->
  </suite> <!-- Suite -->
</testng-results>
